<?xml version="1.0" encoding="utf-8"?><testsuites name="pytest tests"><testsuite name="pytest" errors="0" failures="0" skipped="0" tests="9" time="5.358" timestamp="2026-05-12T21:26:04.341292+00:00" hostname="agent-env-2b4d9c48-b8c8-4a80-aca8-a68788402419"><testcase classname="backend.tests.test_heatseeker" name="test_root" time="0.381" /><testcase classname="backend.tests.test_heatseeker" name="test_tickers_list" time="0.090" /><testcase classname="backend.tests.test_heatseeker" name="test_heatmap_spy" time="1.336" /><testcase classname="backend.tests.test_heatseeker" name="test_heatmap_qqq" time="0.759" /><testcase classname="backend.tests.test_heatseeker" name="test_heatmap_spx" time="0.820" /><testcase classname="backend.tests.test_heatseeker" name="test_trinity" time="0.946" /><testcase classname="backend.tests.test_heatseeker" name="test_movers" time="0.516" /><testcase classname="backend.tests.test_heatseeker" name="test_history_spy" time="0.360" /><testcase classname="backend.tests.test_heatseeker" name="test_glossary" time="0.077" /></testsuite></testsuites>