<?xml version="1.0" encoding="utf-8"?><testsuites name="pytest tests"><testsuite name="pytest" errors="0" failures="0" skipped="0" tests="8" time="7.083" timestamp="2026-05-12T22:22:09.436176+00:00" hostname="agent-env-2b4d9c48-b8c8-4a80-aca8-a68788402419"><testcase classname="backend.tests.test_heatseeker_v2" name="test_heatmap_spy_day_grid" time="1.229" /><testcase classname="backend.tests.test_heatseeker_v2" name="test_heatmap_swing_more_expiries_wider_band" time="1.689" /><testcase classname="backend.tests.test_heatseeker_v2" name="test_heatmap_spx_via_spxw" time="0.860" /><testcase classname="backend.tests.test_heatseeker_v2" name="test_heatmap_qqq_grid" time="0.778" /><testcase classname="backend.tests.test_heatseeker_v2" name="test_trinity_day_all_populated" time="1.229" /><testcase classname="backend.tests.test_heatseeker_v2" name="test_contract_drilldown_spy" time="0.328" /><testcase classname="backend.tests.test_heatseeker_v2" name="test_databento_usage" time="0.073" /><testcase classname="backend.tests.test_heatseeker_v2" name="test_databento_oi_collection_populated" time="0.814" /></testsuite></testsuites>