<?xml version="1.0" encoding="utf-8"?><testsuites name="pytest tests"><testsuite name="pytest" errors="0" failures="0" skipped="0" tests="33" time="12.810" timestamp="2026-05-12T22:41:58.400195+00:00" hostname="agent-env-2b4d9c48-b8c8-4a80-aca8-a68788402419"><testcase classname="backend.tests.test_heatseeker" name="test_root" time="0.192" /><testcase classname="backend.tests.test_heatseeker" name="test_tickers_list" time="0.068" /><testcase classname="backend.tests.test_heatseeker" name="test_heatmap_spy" time="0.783" /><testcase classname="backend.tests.test_heatseeker" name="test_heatmap_qqq" time="0.787" /><testcase classname="backend.tests.test_heatseeker" name="test_heatmap_spx" time="0.779" /><testcase classname="backend.tests.test_heatseeker" name="test_trinity" time="0.516" /><testcase classname="backend.tests.test_heatseeker" name="test_movers" time="0.080" /><testcase classname="backend.tests.test_heatseeker" name="test_history_spy" time="0.343" /><testcase classname="backend.tests.test_heatseeker" name="test_glossary" time="0.074" /><testcase classname="backend.tests.test_heatseeker_v2" name="test_heatmap_spy_day_grid" time="0.358" /><testcase classname="backend.tests.test_heatseeker_v2" name="test_heatmap_swing_more_expiries_wider_band" time="2.380" /><testcase classname="backend.tests.test_heatseeker_v2" name="test_heatmap_spx_via_spxw" time="0.262" /><testcase classname="backend.tests.test_heatseeker_v2" name="test_heatmap_qqq_grid" time="0.214" /><testcase classname="backend.tests.test_heatseeker_v2" name="test_trinity_day_all_populated" time="0.411" /><testcase classname="backend.tests.test_heatseeker_v2" name="test_contract_drilldown_spy" time="0.324" /><testcase classname="backend.tests.test_heatseeker_v2" name="test_databento_usage" time="0.072" /><testcase classname="backend.tests.test_heatseeker_v2" name="test_databento_oi_collection_populated" time="0.286" /><testcase classname="backend.tests.test_v3_costsave" name="test_databento_usage_v3_shape" time="0.185" /><testcase classname="backend.tests.test_v3_costsave" name="test_live_policy_set_spy_qqq" time="0.134" /><testcase classname="backend.tests.test_v3_costsave" name="test_live_policy_revert_spy_only" time="0.072" /><testcase classname="backend.tests.test_v3_costsave" name="test_heatmap_spy_data_source_databento" time="0.320" /><testcase classname="backend.tests.test_v3_costsave" name="test_heatmap_qqq_free_tier_yfinance" time="0.335" /><testcase classname="backend.tests.test_v3_costsave" name="test_heatmap_spx_free_tier_yfinance" time="0.248" /><testcase classname="backend.tests.test_v3_costsave" name="test_spot_endpoint_fast" time="0.375" /><testcase classname="backend.tests.test_v3_costsave" name="test_spot_second_call_cached" time="0.128" /><testcase classname="backend.tests.test_v3_costsave" name="test_flow_qqq_refused_not_in_paid_tickers" time="0.201" /><testcase classname="backend.tests.test_v3_costsave" name="test_flow_spy_outside_window_emits_error" time="0.289" /><testcase classname="backend.tests.test_v3_costsave" name="test_flow_spy_enforce_window_false_starts" time="1.538" /><testcase classname="backend.tests.test_v3_costsave" name="test_live_tape_stop_idempotent_no_session" time="0.065" /><testcase classname="backend.tests.test_v3_costsave" name="test_live_tape_stop_called_twice" time="0.129" /><testcase classname="backend.tests.test_v3_costsave" name="test_trinity_still_works" time="0.405" /><testcase classname="backend.tests.test_v3_costsave" name="test_movers_still_works" time="0.064" /><testcase classname="backend.tests.test_v3_costsave" name="test_contract_still_works" time="0.312" /></testsuite></testsuites>